Your mission is to fix the syntax error in the following Verus code.

Look carefully at the error message and location to identify the syntax issue. Common syntax errors include:
1. Missing or misplaced parentheses, braces, or brackets
2. Missing or incorrect semicolons or commas
3. Incorrect use of operators or methods
4. Incorrect function or method call syntax
5. Incorrect use of generics or type parameters
6. Incorrect use of Verus-specific syntax (like @, spec, proof, etc.)

Fix ONLY the part of the code with the syntax error, and leave the rest unchanged.
Response with the Rust code only, do not include any explanation.

# Verus Common Knowledge

## Important Notes
- ALWAYS use parentheses whenever possible for clarity!
- Don't delete existing non-buggy `#[trigger]`!
- Don't change "unwind" to `(unwind) as bool`!
- Return the complete modified Rust code in your response without explanations.
- Keep top level docstrings at the top of the file, before `verus! {`. Do not place them after the `verus! {` declaration.
- Don't change any function signatures.

## Spec Functions
1. No Direct Method Calls:
   In a spec function, you cannot directly call instance methods such as vector.is_full().
2. Use the @ Operator:
   To invoke methods on a variable within a spec, first convert it to its specification-level representation View with @.
3. Always use vector.len() instead of vector@.len().
4. Simplify Boolean Conjunctions:
   When combining multiple conditions, avoid excessive &&&. Fewer (or well-structured) conjunctions make the spec code easier to read and debug.
5. Parentheses Usage:
   ALWAYS wrap conditions in parentheses, even for simple expressions. This makes precedence explicit and prevents errors.

## Proof Blocks - CRITICAL SYNTAX RULES

**ðŸš« NEVER use executable control flow (if/else/match) inside `proof { }` blocks!**

Proof blocks are spec-level contexts. They can only contain:
- `assert(...)` statements
- `assume(...)` statements
- Lemma/proof function calls
- Variable bindings with spec expressions

âŒ **WRONG - Executable if/else in proof:**
```rust
proof {
    if condition { assert(x); } else { assert(y); }  // SYNTAX ERROR!
}
```

âœ… **CORRECT - Use implication instead:**
```rust
proof {
    assert(condition ==> x);
    assert(!condition ==> y);
}
```

âŒ **WRONG - Executable match in proof:**
```rust
proof {
    match opt { Some(v) => assert(v > 0), None => {} }  // SYNTAX ERROR!
}
```

âœ… **CORRECT - Use implication or spec-level reasoning:**
```rust
proof {
    assert(opt.is_Some() ==> opt.unwrap() > 0);
}
```

## Operators
Verus extends Rust logical operators with low-precedence forms that are especially helpful in specification code:

Standard Operators: &&, ||, ==>, <==>
Low-Precedence Variants: &&& and |||

The meaning of &&& is the same as && (logical AND), and ||| is the same as || (logical OR), but with lower precedence. This allows you to write conditions in a "bulleted list" style that remains grouped in a logical manner:

```
&&& a ==> b
&&& c
&&& d <==> e && f
```

is equivalent to:

```
(a ==> b) && c && (d <==> (e && f))
```

Note:
- Implication (==>) and equivalence (<==>) bind more tightly than &&& and |||.
- Using &&&/||| can make long specifications clearer by grouping logical clauses neatly.


additional knowledge:
IMPORTANT:
1. Don't change the anything in immutable function(s): . Instead, consider adjusting the preconditions or postconditions of other functions or methods.
2. Don't delete existing non-buggy `#[trigger]`, `use` statements, main function.


---

Syntax error:
```
mismatched types (expected `bool`, found `()`; implicitly returns `()` as its body has no tail or `return` expression)
pub open spec fn is_Some<A>(opt: MyOption<A>) -> bool {
pub open spec fn is_Some<A>(opt: MyOption<A>) -> bool {

{"$message_type":"diagnostic","message":"unused import: `vstd::prelude::*`","code":{"code":"unused_imports","explanation":null},"level":"warning","spans":[{"file_name":"<TMP_PATH>","byte_start":51,"byte_end":67,"line_start":3,"line_end":3,"column_start":5,"column_end":21,"is_primary":true,"text":[{"text":"use vstd::prelude::*;","highlight_start":5,"highlight_end":21}],"label":null,"suggested_replacement":null,"suggestion_applicability":null,"expansion":null}],"children":[{"message":"`#[warn(unused_imports)]` on by default","code":null,"level":"note","spans":[],"children":[],"rendered":null},{"message":"remove the whole `use` item","code":null,"level":"help","spans":[{"file_name":"<TMP_PATH>","byte_start":47,"byte_end":69,"line_start":3,"line_end":4,"column_start":1,"column_end":1,"is_primary":true,"text":[{"text":"use vstd::prelude::*;","highlight_start":1,"highlight_end":22},{"text":"","highlight_start":1,"highlight_end":1}],"label":null,"suggested_replacement":"","suggestion_applicability":"MachineApplicable","expansion":null}],"children":[],"rendered":null}],"rendered":"warning: unused import: `vstd::prelude::*`\n --> <TMP_PATH>:3:5\n  |\n3 | use vstd::prelude::*;\n  |     ^^^^^^^^^^^^^^^^\n  |\n  = note: `#[warn(unused_imports)]` on by default\n\n"}
{"$message_type":"diagnostic","message":"mismatched types","code":{"code":"E0308","explanation":"Expected type did not match the received type.\n\nErroneous code examples:\n\n```compile_fail,E0308\nfn plus_one(x: i32) -> i32 {\n    x + 1\n}\n\nplus_one(\"Not a number\");\n//       ^^^^^^^^^^^^^^ expected `i32`, found `&str`\n\nif \"Not a bool\" {\n// ^^^^^^^^^^^^ expected `bool`, found `&str`\n}\n\nlet x: f32 = \"Not a float\";\n//     ---   ^^^^^^^^^^^^^ expected `f32`, found `&str`\n//     |\n//     expected due to this\n```\n\nThis error occurs when an expression was used in a place where the compiler\nexpected an expression of a different type. It can occur in several cases, the\nmost common being when calling a function and passing an argument which has a\ndifferent type than the matching type in the function declaration.\n"},"level":"error","spans":[{"file_name":"<TMP_PATH>","byte_start":240,"byte_end":244,"line_start":14,"line_end":14,"column_start":50,"column_end":54,"is_primary":true,"text":[{"text":"pub open spec fn is_Some<A>(opt: MyOption<A>) -> bool {","highlight_start":50,"highlight_end":54}],"label":"expected `bool`, found `()`","suggested_replacement":null,"suggestion_applicability":null,"expansion":null},{"file_name":"<TMP_PATH>","byte_start":208,"byte_end":215,"line_start":14,"line_end":14,"column_start":18,"column_end":25,"is_primary":false,"text":[{"text":"pub open spec fn is_Some<A>(opt: MyOption<A>) -> bool {","highlight_start":18,"highlight_end":25}],"label":"implicitly returns `()` as its body has no tail or `return` expression","suggested_replacement":null,"suggestion_applicability":null,"expansion":null}],"children":[],"rendered":"error[E0308]: mismatched types\n  --> <TMP_PATH>:14:50\n   |\n14 | pub open spec fn is_Some<A>(opt: MyOption<A>) -> bool {\n   |                  -------                         ^^^^ expected `bool`, found `()`\n   |                  |\n   |                  implicitly returns `()` as its body has no tail or `return` expression\n\n"}
{"$message_type":"diagnostic","message":"mismatched types","code":{"code":"E0308","explanation":"Expected type did not match the received type.\n\nErroneous code examples:\n\n```compile_fail,E0308\nfn plus_one(x: i32) -> i32 {\n    x + 1\n}\n\nplus_one(\"Not a number\");\n//       ^^^^^^^^^^^^^^ expected `i32`, found `&str`\n\nif \"Not a bool\" {\n// ^^^^^^^^^^^^ expected `bool`, found `&str`\n}\n\nlet x: f32 = \"Not a float\";\n//     ---   ^^^^^^^^^^^^^ expected `f32`, found `&str`\n//     |\n//     expected due to this\n```\n\nThis error occurs when an expression was used in a place where the compiler\nexpected an expression of a different type. It can occur in several cases, the\nmost common being when calling a function and passing an argument which has a\ndifferent type than the matching type in the function declaration.\n"},"level":"error","spans":[{"file_name":"<TMP_PATH>","byte_start":330,"byte_end":334,"line_start":18,"line_end":18,"column_start":50,"column_end":54,"is_primary":true,"text":[{"text":"pub open spec fn is_None<A>(opt: MyOption<A>) -> bool {","highlight_start":50,"highlight_end":54}],"label":"expected `bool`, found `()`","suggested_replacement":null,"suggestion_applicability":null,"expansion":null},{"file_name":"<TMP_PATH>","byte_start":298,"byte_end":305,"line_start":18,"line_end":18,"column_start":18,"column_end":25,"is_primary":false,"text":[{"text":"pub open spec fn is_None<A>(opt: MyOption<A>) -> bool {","highlight_start":18,"highlight_end":25}],"label":"implicitly returns `()` as its body has no tail or `return` expression","suggested_replacement":null,"suggestion_applicability":null,"expansion":null}],"children":[],"rendered":"error[E0308]: mismatched types\n  --> <TMP_PATH>:18:50\n   |\n18 | pub open spec fn is_None<A>(opt: MyOption<A>) -> bool {\n   |                  -------                         ^^^^ expected `bool`, found `()`\n   |                  |\n   |                  implicitly returns `()` as its body has no tail or `return` expression\n\n"}
{"$message_type":"diagnostic","message":"mismatched types","code":{"code":"E0308","explanation":"Expected type did not match the received type.\n\nErroneous code examples:\n\n```compile_fail,E0308\nfn plus_one(x: i32) -> i32 {\n    x + 1\n}\n\nplus_one(\"Not a number\");\n//       ^^^^^^^^^^^^^^ expected `i32`, found `&str`\n\nif \"Not a bool\" {\n// ^^^^^^^^^^^^ expected `bool`, found `&str`\n}\n\nlet x: f32 = \"Not a float\";\n//     ---   ^^^^^^^^^^^^^ expected `f32`, found `&str`\n//     |\n//     expected due to this\n```\n\nThis error occurs when an expression was used in a place where the compiler\nexpected an expression of a different type. It can occur in several cases, the\nmost common being when calling a function and passing an argument which has a\ndifferent type than the matching type in the function declaration.\n"},"level":"error","spans":[{"file_name":"<TMP_PATH>","byte_start":423,"byte_end":424,"line_start":22,"line_end":22,"column_start":53,"column_end":54,"is_primary":true,"text":[{"text":"pub open spec fn get_Some_0<A>(opt: MyOption<A>) -> A","highlight_start":53,"highlight_end":54}],"label":"expected type parameter `A`, found `()`","suggested_replacement":null,"suggestion_applicability":null,"expansion":null},{"file_name":"<TMP_PATH>","byte_start":399,"byte_end":400,"line_start":22,"line_end":22,"column_start":29,"column_end":30,"is_primary":false,"text":[{"text":"pub open spec fn get_Some_0<A>(opt: MyOption<A>) -> A","highlight_start":29,"highlight_end":30}],"label":"expected this type parameter","suggested_replacement":null,"suggestion_applicability":null,"expansion":null},{"file_name":"<TMP_PATH>","byte_start":388,"byte_end":398,"line_start":22,"line_end":22,"column_start":18,"column_end":28,"is_primary":false,"text":[{"text":"pub open spec fn get_Some_0<A>(opt: MyOption<A>) -> A","highlight_start":18,"highlight_end":28}],"label":"implicitly returns `()` as its body has no tail or `return` expression","suggested_replacement":null,"suggestion_applicability":null,"expansion":null}],"children":[{"message":"expected type parameter `A`\n        found unit type `()`","code":null,"level":"note","spans":[],"children":[],"rendered":null}],"rendered":"error[E0308]: mismatched types\n  --> <TMP_PATH>:22:53\n   |\n22 | pub open spec fn get_Some_0<A>(opt: MyOption<A>) -> A\n   |                  ---------- -                       ^ expected type parameter `A`, found `()`\n   |                  |          |\n   |                  |          expected this type parameter\n   |                  implicitly returns `()` as its body has no tail or `return` expression\n   |\n   = note: expected type parameter `A`\n                   found unit type `()`\n\n"}
{"$message_type":"diagnostic","message":"mismatched types","code":{"code":"E0308","explanation":"Expected type did not match the received type.\n\nErroneous code examples:\n\n```compile_fail,E0308\nfn plus_one(x: i32) -> i32 {\n    x + 1\n}\n\nplus_one(\"Not a number\");\n//       ^^^^^^^^^^^^^^ expected `i32`, found `&str`\n\nif \"Not a bool\" {\n// ^^^^^^^^^^^^ expected `bool`, found `&str`\n}\n\nlet x: f32 = \"Not a float\";\n//     ---   ^^^^^^^^^^^^^ expected `f32`, found `&str`\n//     |\n//     expected due to this\n```\n\nThis error occurs when an expression was used in a place where the compiler\nexpected an expression of a different type. It can occur in several cases, the\nmost common being when calling a function and passing an argument which has a\ndifferent type than the matching type in the function declaration.\n"},"level":"error","spans":[{"file_name":"<TMP_PATH>","byte_start":792,"byte_end":803,"line_start":42,"line_end":42,"column_start":53,"column_end":64,"is_primary":true,"text":[{"text":"    pub open spec fn Or(self, optb: MyOption<A>) -> MyOption<A> {","highlight_start":53,"highlight_end":64}],"label":"expected `MyOption<A>`, found `()`","suggested_replacement":null,"suggestion_applicability":null,"expansion":null},{"file_name":"<TMP_PATH>","byte_start":761,"byte_end":763,"line_start":42,"line_end":42,"column_start":22,"column_end":24,"is_primary":false,"text":[{"text":"    pub open spec fn Or(self, optb: MyOption<A>) -> MyOption<A> {","highlight_start":22,"highlight_end":24}],"label":"implicitly returns `()` as its body has no tail or `return` expression","suggested_replacement":null,"suggestion_applicability":null,"expansion":null}],"children":[{"message":"  expected enum `MyOption<A>`\nfound unit type `()`","code":null,"level":"note","spans":[],"children":[],"rendered":null},{"message":"consider returning one of these bindings","code":null,"level":"note","spans":[{"file_name":"<TMP_PATH>","byte_start":764,"byte_end":768,"line_start":42,"line_end":42,"column_start":25,"column_end":29,"is_primary":true,"text":[{"text":"    pub open spec fn Or(self, optb: MyOption<A>) -> MyOption<A> {","highlight_start":25,"highlight_end":29}],"label":null,"suggested_replacement":null,"suggestion_applicability":null,"expansion":null},{"file_name":"<TMP_PATH>","byte_start":770,"byte_end":774,"line_start":42,"line_end":42,"column_start":31,"column_end":35,"is_primary":true,"text":[{"text":"    pub open spec fn Or(self, optb: MyOption<A>) -> MyOption<A> {","highlight_start":31,"highlight_end":35}],"label":null,"suggested_replacement":null,"suggestion_applicability":null,"expansion":null}],"children":[],"rendered":null}],"rendered":"error[E0308]: mismatched types\n  --> <TMP_PATH>:42:53\n   |\n42 |     pub open spec fn Or(self, optb: MyOption<A>) -> MyOption<A> {\n   |                      --                             ^^^^^^^^^^^ expected `MyOption<A>`, found `()`\n   |                      |\n   |                      implicitly returns `()` as its body has no tail or `return` expression\n   |\n   = note:   expected enum `MyOption<A>`\n           found unit type `()`\nnote: consider returning one of these bindings\n  --> <TMP_PATH>:42:25\n   |\n42 |     pub open spec fn Or(self, optb: MyOption<A>) -> MyOption<A> {\n   |                         ^^^^  ^^^^\n\n"}
{"$message_type":"diagnostic","message":"aborting due to 4 previous errors; 1 warning emitted","code":null,"level":"error","spans":[],"children":[],"rendered":"error: aborting due to 4 previous errors; 1 warning emitted\n\n"}
{"$message_type":"diagnostic","message":"For more information about this error, try `rustc --explain E0308`.","code":null,"level":"failure-note","spans":[],"children":[],"rendered":"For more information about this error, try `rustc --explain E0308`.\n"}```

Code
```
use vstd::pervasive::*;
use builtin_macros::*;
use vstd::prelude::*;

verus! {

#[verifier::ext_equal]
#[verifier::accept_recursive_types(A)]
pub enum MyOption<A> {
    None,
    Some(A),
}

pub open spec fn is_Some<A>(opt: MyOption<A>) -> bool {
    // TODO: add specification
}

pub open spec fn is_None<A>(opt: MyOption<A>) -> bool {
    // TODO: add specification
}

pub open spec fn get_Some_0<A>(opt: MyOption<A>) -> A
{
    // TODO: add specification
}


impl<A: Clone> Clone for MyOption<A> {
    fn clone(&self) -> Self {
        match self {
            MyOption::None => MyOption::None,
            MyOption::Some(a) => MyOption::Some(a.clone()),
        }
    }
}

impl<A: Copy> Copy for MyOption<A> {

}

impl<A> MyOption<A> {
    pub open spec fn Or(self, optb: MyOption<A>) -> MyOption<A> {
        // TODO: add specification
    }

    pub fn or(self, optb: MyOption<A>) -> (res: MyOption<A>)
    // TODO: add requires and ensures
    {
        match self {
            MyOption::None => optb,
            MyOption::Some(_) => self,
        }
    }

    #[inline(always)]
    pub const fn is_some(&self) -> (res: bool)
    // TODO: add requires and ensures
    {
        match self {
            MyOption::Some(_) => true,
            MyOption::None => false,
        }
    }

    #[inline(always)]
    pub const fn is_none(&self) -> (res: bool)
    // TODO: add requires and ensures
    {
        match self {
            MyOption::Some(_) => false,
            MyOption::None => true,
        }
    }

    pub fn as_ref(&self) -> (a: MyOption<&A>)
    // TODO: add requires and ensures
    {
        match self {
            MyOption::Some(x) => MyOption::Some(x),
            MyOption::None => MyOption::None,
        }
    }

    pub fn unwrap(self) -> (a: A)
    // TODO: add requires and ensures
    {
        match self {
            MyOption::Some(a) => a,
            MyOption::None => unreached(),
        }
    }
}

/* TEST CODE BELOW */

fn test(n: i32) {
    let opt: MyOption<i32>= MyOption::None;
    let is_none = opt.is_none();
    let is_some = opt.is_some();
    assert(is_none);
    assert(!is_some);

    let opt2: MyOption<i32>= MyOption::Some(n);
    let is_none = opt2.is_none();
    let is_some = opt2.is_some();
    assert(!is_none);
    assert(is_some);

    let opt3 = opt.or(opt2);
    let is_some = opt3.is_some();
    let val = opt3.unwrap();
    assert(is_some);
    assert(val == n);

    let opt4 = opt2.or(opt);
    let is_some = opt4.is_some();
    let val = opt4.unwrap();
    assert(is_some);
    assert(val == n);

    let opt5 = opt.or(MyOption::None);
    let is_none = opt5.is_none();
    let is_some = opt5.is_some();
    assert(is_none);
    assert(!is_some);

    let opt_some: MyOption<i32>= MyOption::Some(n);
    let opt_ref = opt_some.as_ref();
    let ref_some = opt_ref.is_some();
    let val = *opt_ref.unwrap();
    assert(ref_some);
    assert(val == n);

    let opt_none: MyOption<i32>= MyOption::None;
    let opt_ref_none = opt_none.as_ref();
    let ref_none = opt_none.is_none();
    assert(ref_none);
}

pub fn main() {
}

} // verus!

```
